# JRE version: OpenJDK Runtime Environment (11.0.5+11) (build 11.0.5-BellSoft+11)
# Java VM: OpenJDK 64-Bit Server VM (11.0.5-BellSoft+11, mixed mode, tiered, compressed oops, g1 gc, linux-amd64)
Heap:
 garbage-first heap   total 126976K, used 98559K [0x0000000084e00000, 0x0000000100000000)
  region size 1024K, 48 young (49152K), 1 survivors (1024K)
 Metaspace       used 39391K, capacity 40924K, committed 40960K, reserved 1085440K
  class space    used 4727K, capacity 5368K, committed 5376K, reserved 1048576K
GC Heap History (20 events):
Event: 131.456 GC heap before
{Heap before GC invocations=32 (full 0):
 garbage-first heap   total 126976K, used 96505K [0x0000000084e00000, 0x0000000100000000)
  region size 1024K, 45 young (46080K), 1 survivors (1024K)
 Metaspace       used 39350K, capacity 40857K, committed 40960K, reserved 1085440K
  class space    used 4726K, capacity 5367K, committed 5376K, reserved 1048576K
}
Event: 131.458 GC heap after
{Heap after GC invocations=33 (full 0):
 garbage-first heap   total 126976K, used 51440K [0x0000000084e00000, 0x0000000100000000)
  region size 1024K, 1 young (1024K), 1 survivors (1024K)
 Metaspace       used 39350K, capacity 40857K, committed 40960K, reserved 1085440K
  class space    used 4726K, capacity 5367K, committed 5376K, reserved 1048576K
}
Event: 131.475 GC heap before
{Heap before GC invocations=33 (full 0):
 garbage-first heap   total 126976K, used 98544K [0x0000000084e00000, 0x0000000100000000)
  region size 1024K, 47 young (48128K), 1 survivors (1024K)
 Metaspace       used 39350K, capacity 40857K, committed 40960K, reserved 1085440K
  class space    used 4726K, capacity 5367K, committed 5376K, reserved 1048576K
}
Event: 131.476 GC heap after
{Heap after GC invocations=34 (full 0):
 garbage-first heap   total 126976K, used 51453K [0x0000000084e00000, 0x0000000100000000)
  region size 1024K, 1 young (1024K), 1 survivors (1024K)
 Metaspace       used 39350K, capacity 40857K, committed 40960K, reserved 1085440K
  class space    used 4726K, capacity 5367K, committed 5376K, reserved 1048576K
}
Event: 131.494 GC heap before
{Heap before GC invocations=34 (full 0):
 garbage-first heap   total 126976K, used 100605K [0x0000000084e00000, 0x0000000100000000)
  region size 1024K, 49 young (50176K), 1 survivors (1024K)
 Metaspace       used 39350K, capacity 40857K, committed 40960K, reserved 1085440K
  class space    used 4726K, capacity 5367K, committed 5376K, reserved 1048576K
}
Event: 131.495 GC heap after
{Heap after GC invocations=35 (full 0):
 garbage-first heap   total 126976K, used 51448K [0x0000000084e00000, 0x0000000100000000)
  region size 1024K, 1 young (1024K), 1 survivors (1024K)
 Metaspace       used 39350K, capacity 40857K, committed 40960K, reserved 1085440K
  class space    used 4726K, capacity 5367K, committed 5376K, reserved 1048576K
}
Event: 131.553 GC heap before
{Heap before GC invocations=35 (full 0):
 garbage-first heap   total 126976K, used 101624K [0x0000000084e00000, 0x0000000100000000)
  region size 1024K, 50 young (51200K), 1 survivors (1024K)
 Metaspace       used 39350K, capacity 40857K, committed 40960K, reserved 1085440K
  class space    used 4726K, capacity 5367K, committed 5376K, reserved 1048576K
}
Event: 131.553 GC heap after
{Heap after GC invocations=36 (full 0):
 garbage-first heap   total 126976K, used 51449K [0x0000000084e00000, 0x0000000100000000)
  region size 1024K, 1 young (1024K), 1 survivors (1024K)
 Metaspace       used 39350K, capacity 40857K, committed 40960K, reserved 1085440K
  class space    used 4726K, capacity 5367K, committed 5376K, reserved 1048576K
}
Event: 131.611 GC heap before
{Heap before GC invocations=36 (full 0):
 garbage-first heap   total 126976K, used 102649K [0x0000000084e00000, 0x0000000100000000)
  region size 1024K, 51 young (52224K), 1 survivors (1024K)
 Metaspace       used 39352K, capacity 40860K, committed 40960K, reserved 1085440K
  class space    used 4726K, capacity 5368K, committed 5376K, reserved 1048576K
}
Event: 131.612 GC heap after
{Heap after GC invocations=37 (full 0):
 garbage-first heap   total 126976K, used 51449K [0x0000000084e00000, 0x0000000100000000)
  region size 1024K, 1 young (1024K), 1 survivors (1024K)
 Metaspace       used 39352K, capacity 40860K, committed 40960K, reserved 1085440K
  class space    used 4726K, capacity 5368K, committed 5376K, reserved 1048576K
}
Event: 131.745 GC heap before
{Heap before GC invocations=37 (full 0):
 garbage-first heap   total 126976K, used 103673K [0x0000000084e00000, 0x0000000100000000)
  region size 1024K, 52 young (53248K), 1 survivors (1024K)
 Metaspace       used 39352K, capacity 40860K, committed 40960K, reserved 1085440K
  class space    used 4726K, capacity 5368K, committed 5376K, reserved 1048576K
}
Event: 131.747 GC heap after
{Heap after GC invocations=38 (full 0):
 garbage-first heap   total 126976K, used 51445K [0x0000000084e00000, 0x0000000100000000)
  region size 1024K, 1 young (1024K), 1 survivors (1024K)
 Metaspace       used 39352K, capacity 40860K, committed 40960K, reserved 1085440K
  class space    used 4726K, capacity 5368K, committed 5376K, reserved 1048576K
}
Event: 132.850 GC heap before
{Heap before GC invocations=38 (full 0):
 garbage-first heap   total 126976K, used 104693K [0x0000000084e00000, 0x0000000100000000)
  region size 1024K, 53 young (54272K), 1 survivors (1024K)
 Metaspace       used 39352K, capacity 40860K, committed 40960K, reserved 1085440K
  class space    used 4726K, capacity 5368K, committed 5376K, reserved 1048576K
}
Event: 132.853 GC heap after
{Heap after GC invocations=39 (full 0):
 garbage-first heap   total 126976K, used 51439K [0x0000000084e00000, 0x0000000100000000)
  region size 1024K, 1 young (1024K), 1 survivors (1024K)
 Metaspace       used 39352K, capacity 40860K, committed 40960K, reserved 1085440K
  class space    used 4726K, capacity 5368K, committed 5376K, reserved 1048576K
}
Event: 139.642 GC heap before
{Heap before GC invocations=39 (full 0):
 garbage-first heap   total 126976K, used 104687K [0x0000000084e00000, 0x0000000100000000)
  region size 1024K, 53 young (54272K), 1 survivors (1024K)
 Metaspace       used 39373K, capacity 40924K, committed 40960K, reserved 1085440K
  class space    used 4727K, capacity 5368K, committed 5376K, reserved 1048576K
}
Event: 139.644 GC heap after
{Heap after GC invocations=40 (full 0):
 garbage-first heap   total 126976K, used 51458K [0x0000000084e00000, 0x0000000100000000)
  region size 1024K, 1 young (1024K), 1 survivors (1024K)
 Metaspace       used 39373K, capacity 40924K, committed 40960K, reserved 1085440K
  class space    used 4727K, capacity 5368K, committed 5376K, reserved 1048576K
}
Event: 147.323 GC heap before
{Heap before GC invocations=40 (full 0):
 garbage-first heap   total 126976K, used 105730K [0x0000000084e00000, 0x0000000100000000)
  region size 1024K, 54 young (55296K), 1 survivors (1024K)
 Metaspace       used 39383K, capacity 40924K, committed 40960K, reserved 1085440K
  class space    used 4727K, capacity 5368K, committed 5376K, reserved 1048576K
}
Event: 147.329 GC heap after
{Heap after GC invocations=41 (full 0):
 garbage-first heap   total 126976K, used 51452K [0x0000000084e00000, 0x0000000100000000)
  region size 1024K, 1 young (1024K), 1 survivors (1024K)
 Metaspace       used 39383K, capacity 40924K, committed 40960K, reserved 1085440K
  class space    used 4727K, capacity 5368K, committed 5376K, reserved 1048576K
}
Event: 154.434 GC heap before
{Heap before GC invocations=41 (full 0):
 garbage-first heap   total 126976K, used 106748K [0x0000000084e00000, 0x0000000100000000)
  region size 1024K, 55 young (56320K), 1 survivors (1024K)
 Metaspace       used 39387K, capacity 40924K, committed 40960K, reserved 1085440K
  class space    used 4727K, capacity 5368K, committed 5376K, reserved 1048576K
}
Event: 154.441 GC heap after
{Heap after GC invocations=42 (full 0):
 garbage-first heap   total 126976K, used 51455K [0x0000000084e00000, 0x0000000100000000)
  region size 1024K, 1 young (1024K), 1 survivors (1024K)
 Metaspace       used 39387K, capacity 40924K, committed 40960K, reserved 1085440K
  class space    used 4727K, capacity 5368K, committed 5376K, reserved 1048576K
}

